<?xml version="1.0" encoding="UTF-8"?>
<testsuite name="ex8.ShoppingCartTest" tests="5" skipped="0" failures="0" errors="0" timestamp="2023-06-12T10:33:05" hostname="DESKTOP-AIO8RDI" time="0.033">
  <properties/>
  <testcase name="testAddItem()" classname="ex8.ShoppingCartTest" time="0.027"/>
  <testcase name="testItemCount()" classname="ex8.ShoppingCartTest" time="0.002"/>
  <testcase name="testContainsItem()" classname="ex8.ShoppingCartTest" time="0.001"/>
  <testcase name="testClearCart()" classname="ex8.ShoppingCartTest" time="0.001"/>
  <testcase name="testRemoveItem()" classname="ex8.ShoppingCartTest" time="0.0"/>
  <system-out><![CDATA[]]></system-out>
  <system-err><![CDATA[]]></system-err>
</testsuite>
